<?xml version="1.0" encoding="UTF-8"?>
<testng-results skipped="0" failed="1" total="20" passed="19">
  <reporter-output>
  </reporter-output>
  <suite name="Default suite" duration-ms="16866" started-at="2016-06-22T07:29:00Z" finished-at="2016-06-22T07:29:17Z">
    <groups>
    </groups>
    <test name="Default test" duration-ms="16866" started-at="2016-06-22T07:29:00Z" finished-at="2016-06-22T07:29:17Z">
      <class name="firsttestpackage.FirstTestNgFile">
        <test-method status="PASS" signature="setbaseurl()[pri:0, instance:firsttestpackage.FirstTestNgFile@e874448]" name="setbaseurl" is-config="true" duration-ms="5108" started-at="2016-06-22T12:59:00Z" finished-at="2016-06-22T12:59:05Z">
          <reporter-output>
          </reporter-output>
        </test-method> <!-- setbaseurl -->
        <test-method status="PASS" signature="verifyHomepageTitle()[pri:0, instance:firsttestpackage.FirstTestNgFile@e874448]" name="verifyHomepageTitle" duration-ms="72" started-at="2016-06-22T12:59:05Z" finished-at="2016-06-22T12:59:05Z">
          <reporter-output>
          </reporter-output>
        </test-method> <!-- verifyHomepageTitle -->
        <test-method status="PASS" signature="greencolorboxdisplayed()[pri:1, instance:firsttestpackage.FirstTestNgFile@e874448]" name="greencolorboxdisplayed" duration-ms="161" started-at="2016-06-22T12:59:05Z" finished-at="2016-06-22T12:59:05Z">
          <reporter-output>
          </reporter-output>
        </test-method> <!-- greencolorboxdisplayed -->
        <test-method status="PASS" signature="redcolorboxdisplayed()[pri:2, instance:firsttestpackage.FirstTestNgFile@e874448]" name="redcolorboxdisplayed" duration-ms="73" started-at="2016-06-22T12:59:05Z" finished-at="2016-06-22T12:59:05Z">
          <reporter-output>
          </reporter-output>
        </test-method> <!-- redcolorboxdisplayed -->
        <test-method status="PASS" signature="greenColorGridproceed()[pri:3, instance:firsttestpackage.FirstTestNgFile@e874448]" name="greenColorGridproceed" duration-ms="209" started-at="2016-06-22T12:59:05Z" finished-at="2016-06-22T12:59:06Z">
          <reporter-output>
          </reporter-output>
        </test-method> <!-- greenColorGridproceed -->
        <test-method status="PASS" signature="RedColorGridproceed()[pri:4, instance:firsttestpackage.FirstTestNgFile@e874448]" name="RedColorGridproceed" duration-ms="146" started-at="2016-06-22T12:59:06Z" finished-at="2016-06-22T12:59:06Z">
          <reporter-output>
          </reporter-output>
        </test-method> <!-- RedColorGridproceed -->
        <test-method status="PASS" signature="verifycolorboxdisplayed()[pri:5, instance:firsttestpackage.FirstTestNgFile@e874448]" name="verifycolorboxdisplayed" duration-ms="144" started-at="2016-06-22T12:59:06Z" finished-at="2016-06-22T12:59:06Z">
          <reporter-output>
          </reporter-output>
        </test-method> <!-- verifycolorboxdisplayed -->
        <test-method status="PASS" signature="verifywhiteboxdisplayed()[pri:6, instance:firsttestpackage.FirstTestNgFile@e874448]" name="verifywhiteboxdisplayed" duration-ms="1266" started-at="2016-06-22T12:59:06Z" finished-at="2016-06-22T12:59:07Z">
          <reporter-output>
          </reporter-output>
        </test-method> <!-- verifywhiteboxdisplayed -->
        <test-method status="PASS" signature="verifyrepaintworks()[pri:7, instance:firsttestpackage.FirstTestNgFile@e874448]" name="verifyrepaintworks" duration-ms="260" started-at="2016-06-22T12:59:07Z" finished-at="2016-06-22T12:59:08Z">
          <reporter-output>
          </reporter-output>
        </test-method> <!-- verifyrepaintworks -->
        <test-method status="PASS" signature="verifyframeproceedwithoutsamecolor()[pri:8, instance:firsttestpackage.FirstTestNgFile@e874448]" name="verifyframeproceedwithoutsamecolor" duration-ms="221" started-at="2016-06-22T12:59:08Z" finished-at="2016-06-22T12:59:08Z">
          <reporter-output>
          </reporter-output>
        </test-method> <!-- verifyframeproceedwithoutsamecolor -->
        <test-method status="PASS" signature="verifyframeproceedwithsamecolor()[pri:9, instance:firsttestpackage.FirstTestNgFile@e874448]" name="verifyframeproceedwithsamecolor" duration-ms="816" started-at="2016-06-22T12:59:08Z" finished-at="2016-06-22T12:59:09Z">
          <reporter-output>
          </reporter-output>
        </test-method> <!-- verifyframeproceedwithsamecolor -->
        <test-method status="PASS" signature="verifydraggabledisplayed()[pri:10, instance:firsttestpackage.FirstTestNgFile@e874448]" name="verifydraggabledisplayed" duration-ms="70" started-at="2016-06-22T12:59:09Z" finished-at="2016-06-22T12:59:09Z">
          <reporter-output>
          </reporter-output>
        </test-method> <!-- verifydraggabledisplayed -->
        <test-method status="PASS" signature="verifydropboxdisplayed()[pri:11, instance:firsttestpackage.FirstTestNgFile@e874448]" name="verifydropboxdisplayed" duration-ms="64" started-at="2016-06-22T12:59:09Z" finished-at="2016-06-22T12:59:09Z">
          <reporter-output>
          </reporter-output>
        </test-method> <!-- verifydropboxdisplayed -->
        <test-method status="PASS" signature="verifydragging()[pri:12, instance:firsttestpackage.FirstTestNgFile@e874448]" name="verifydragging" duration-ms="101" started-at="2016-06-22T12:59:09Z" finished-at="2016-06-22T12:59:09Z">
          <reporter-output>
          </reporter-output>
        </test-method> <!-- verifydragging -->
        <test-method status="PASS" signature="verifyproceedafterdrag()[pri:13, instance:firsttestpackage.FirstTestNgFile@e874448]" name="verifyproceedafterdrag" duration-ms="204" started-at="2016-06-22T12:59:09Z" finished-at="2016-06-22T12:59:09Z">
          <reporter-output>
          </reporter-output>
        </test-method> <!-- verifyproceedafterdrag -->
        <test-method status="PASS" signature="verifyproceedwithoutdrag()[pri:14, instance:firsttestpackage.FirstTestNgFile@e874448]" name="verifyproceedwithoutdrag" duration-ms="132" started-at="2016-06-22T12:59:09Z" finished-at="2016-06-22T12:59:09Z">
          <reporter-output>
          </reporter-output>
        </test-method> <!-- verifyproceedwithoutdrag -->
        <test-method status="PASS" signature="verifypopuplaunched()[pri:15, instance:firsttestpackage.FirstTestNgFile@e874448]" name="verifypopuplaunched" duration-ms="2097" started-at="2016-06-22T12:59:09Z" finished-at="2016-06-22T12:59:11Z">
          <reporter-output>
          </reporter-output>
        </test-method> <!-- verifypopuplaunched -->
        <test-method status="PASS" signature="popuptextboxdisplayed()[pri:16, instance:firsttestpackage.FirstTestNgFile@e874448]" name="popuptextboxdisplayed" duration-ms="74" started-at="2016-06-22T12:59:11Z" finished-at="2016-06-22T12:59:11Z">
          <reporter-output>
          </reporter-output>
        </test-method> <!-- popuptextboxdisplayed -->
        <test-method status="PASS" signature="popupsubmitdisplayed()[pri:17, instance:firsttestpackage.FirstTestNgFile@e874448]" name="popupsubmitdisplayed" duration-ms="60" started-at="2016-06-22T12:59:11Z" finished-at="2016-06-22T12:59:11Z">
          <reporter-output>
          </reporter-output>
        </test-method> <!-- popupsubmitdisplayed -->
        <test-method status="PASS" signature="popupsubmitwithtext()[pri:18, instance:firsttestpackage.FirstTestNgFile@e874448]" name="popupsubmitwithtext" duration-ms="2611" started-at="2016-06-22T12:59:11Z" finished-at="2016-06-22T12:59:14Z">
          <reporter-output>
          </reporter-output>
        </test-method> <!-- popupsubmitwithtext -->
        <test-method status="FAIL" signature="popupsubmitwithouttext()[pri:19, instance:firsttestpackage.FirstTestNgFile@e874448]" name="popupsubmitwithouttext" duration-ms="2231" started-at="2016-06-22T12:59:14Z" finished-at="2016-06-22T12:59:16Z">
          <exception class="org.openqa.selenium.NoSuchElementException">
            <message>
              <![CDATA[Unable to locate element: {"method":"css selector","selector":"#name"}
Command duration or timeout: 6 milliseconds
For documentation on this error, please visit: http://seleniumhq.org/exceptions/no_such_element.html
Build info: version: '2.53.0', revision: '35ae25b', time: '2016-03-15 16:57:40'
System info: host: 'N/A', ip: 'N/A', os.name: 'Linux', os.arch: 'amd64', os.version: '3.13.0-88-generic', java.version: '1.8.0_91'
Driver info: org.openqa.selenium.firefox.FirefoxDriver
Capabilities [{applicationCacheEnabled=true, rotatable=false, handlesAlerts=true, databaseEnabled=true, version=46.0.1, platform=LINUX, nativeEvents=false, acceptSslCerts=true, webStorageEnabled=true, locationContextEnabled=true, browserName=firefox, takesScreenshot=true, javascriptEnabled=true, cssSelectorsEnabled=true}]
Session ID: 41331091-df74-49ba-80c1-4257e55b6be9
*** Element info: {Using=css selector, value=#name}]]>
            </message>
            <full-stacktrace>
              <![CDATA[org.openqa.selenium.NoSuchElementException: Unable to locate element: {"method":"css selector","selector":"#name"}
Command duration or timeout: 6 milliseconds
For documentation on this error, please visit: http://seleniumhq.org/exceptions/no_such_element.html
Build info: version: '2.53.0', revision: '35ae25b', time: '2016-03-15 16:57:40'
System info: host: 'N/A', ip: 'N/A', os.name: 'Linux', os.arch: 'amd64', os.version: '3.13.0-88-generic', java.version: '1.8.0_91'
Driver info: org.openqa.selenium.firefox.FirefoxDriver
Capabilities [{applicationCacheEnabled=true, rotatable=false, handlesAlerts=true, databaseEnabled=true, version=46.0.1, platform=LINUX, nativeEvents=false, acceptSslCerts=true, webStorageEnabled=true, locationContextEnabled=true, browserName=firefox, takesScreenshot=true, javascriptEnabled=true, cssSelectorsEnabled=true}]
Session ID: 41331091-df74-49ba-80c1-4257e55b6be9
*** Element info: {Using=css selector, value=#name}
	at sun.reflect.NativeConstructorAccessorImpl.newInstance0(Native Method)
	at sun.reflect.NativeConstructorAccessorImpl.newInstance(NativeConstructorAccessorImpl.java:62)
	at sun.reflect.DelegatingConstructorAccessorImpl.newInstance(DelegatingConstructorAccessorImpl.java:45)
	at java.lang.reflect.Constructor.newInstance(Constructor.java:423)
	at org.openqa.selenium.remote.ErrorHandler.createThrowable(ErrorHandler.java:206)
	at org.openqa.selenium.remote.ErrorHandler.throwIfResponseFailed(ErrorHandler.java:158)
	at org.openqa.selenium.remote.RemoteWebDriver.execute(RemoteWebDriver.java:678)
	at org.openqa.selenium.remote.RemoteWebDriver.findElement(RemoteWebDriver.java:363)
	at org.openqa.selenium.remote.RemoteWebDriver.findElementByCssSelector(RemoteWebDriver.java:492)
	at org.openqa.selenium.By$ByCssSelector.findElement(By.java:430)
	at org.openqa.selenium.remote.RemoteWebDriver.findElement(RemoteWebDriver.java:355)
	at firsttestpackage.FirstTestNgFile.popupsubmitwithouttext(FirstTestNgFile.java:453)
	at sun.reflect.NativeMethodAccessorImpl.invoke0(Native Method)
	at sun.reflect.NativeMethodAccessorImpl.invoke(NativeMethodAccessorImpl.java:62)
	at sun.reflect.DelegatingMethodAccessorImpl.invoke(DelegatingMethodAccessorImpl.java:43)
	at java.lang.reflect.Method.invoke(Method.java:498)
	at org.testng.internal.MethodInvocationHelper.invokeMethod(MethodInvocationHelper.java:86)
	at org.testng.internal.Invoker.invokeMethod(Invoker.java:646)
	at org.testng.internal.Invoker.invokeTestMethod(Invoker.java:823)
	at org.testng.internal.Invoker.invokeTestMethods(Invoker.java:1131)
	at org.testng.internal.TestMethodWorker.invokeTestMethods(TestMethodWorker.java:129)
	at org.testng.internal.TestMethodWorker.run(TestMethodWorker.java:112)
	at org.testng.TestRunner.privateRun(TestRunner.java:778)
	at org.testng.TestRunner.run(TestRunner.java:632)
	at org.testng.SuiteRunner.runTest(SuiteRunner.java:366)
	at org.testng.SuiteRunner.runSequentially(SuiteRunner.java:361)
	at org.testng.SuiteRunner.privateRun(SuiteRunner.java:319)
	at org.testng.SuiteRunner.run(SuiteRunner.java:268)
	at org.testng.SuiteRunnerWorker.runSuite(SuiteRunnerWorker.java:52)
	at org.testng.SuiteRunnerWorker.run(SuiteRunnerWorker.java:86)
	at org.testng.TestNG.runSuitesSequentially(TestNG.java:1225)
	at org.testng.TestNG.runSuitesLocally(TestNG.java:1150)
	at org.testng.TestNG.runSuites(TestNG.java:1075)
	at org.testng.TestNG.run(TestNG.java:1047)
	at org.testng.remote.AbstractRemoteTestNG.run(AbstractRemoteTestNG.java:126)
	at org.testng.remote.RemoteTestNG.initAndRun(RemoteTestNG.java:137)
	at org.testng.remote.RemoteTestNG.main(RemoteTestNG.java:58)
Caused by: org.openqa.selenium.NoSuchElementException: Unable to locate element: {"method":"css selector","selector":"#name"}
For documentation on this error, please visit: http://seleniumhq.org/exceptions/no_such_element.html
Build info: version: '2.53.0', revision: '35ae25b', time: '2016-03-15 16:57:40'
System info: host: 'N/A', ip: 'N/A', os.name: 'Linux', os.arch: 'amd64', os.version: '3.13.0-88-generic', java.version: '1.8.0_91'
Driver info: driver.version: unknown
	at <anonymous class>.FirefoxDriver.prototype.findElementInternal_(file:///tmp/anonymous550970642862174490webdriver-profile/extensions/fxdriver@googlecode.com/components/driver-component.js:10770)
	at <anonymous class>.FirefoxDriver.prototype.findElement(file:///tmp/anonymous550970642862174490webdriver-profile/extensions/fxdriver@googlecode.com/components/driver-component.js:10779)
	at <anonymous class>.DelayedCommand.prototype.executeInternal_/h(file:///tmp/anonymous550970642862174490webdriver-profile/extensions/fxdriver@googlecode.com/components/command-processor.js:12661)
	at <anonymous class>.DelayedCommand.prototype.executeInternal_(file:///tmp/anonymous550970642862174490webdriver-profile/extensions/fxdriver@googlecode.com/components/command-processor.js:12666)
	at <anonymous class>.DelayedCommand.prototype.execute/<(file:///tmp/anonymous550970642862174490webdriver-profile/extensions/fxdriver@googlecode.com/components/command-processor.js:12608)
]]>
            </full-stacktrace>
          </exception> <!-- org.openqa.selenium.NoSuchElementException -->
          <reporter-output>
          </reporter-output>
        </test-method> <!-- popupsubmitwithouttext -->
        <test-method status="PASS" signature="closing()[pri:0, instance:firsttestpackage.FirstTestNgFile@e874448]" name="closing" is-config="true" duration-ms="65" started-at="2016-06-22T12:59:17Z" finished-at="2016-06-22T12:59:17Z">
          <reporter-output>
          </reporter-output>
        </test-method> <!-- closing -->
      </class> <!-- firsttestpackage.FirstTestNgFile -->
    </test> <!-- Default test -->
  </suite> <!-- Default suite -->
</testng-results>
